app/build/intermediates/manifest_merge_blame_file/debug/manifest-merger-blame-debug-report.txt
1<?xml version="1.0" encoding="utf-8"?>
2<manifest xmlns:android="http://schemas.android.com/apk/res/android"
3    package="com.example.yzuapp"
4    android:versionCode="1"
5    android:versionName="1.3" >
6
7    <uses-sdk
8        android:minSdkVersion="21"
8-->src\main\AndroidManifest.xml
9        android:targetSdkVersion="29" />
9-->src\main\AndroidManifest.xml
10    <!-- screen light -->
11    <uses-permission android:name="android.permission.WRITE_SETTINGS" /> <!-- internet -->
11-->src\main\AndroidManifest.xml:6:5-8:47
11-->src\main\AndroidManifest.xml:7:9-57
12    <uses-permission android:name="android.permission.INTERNET" /> <!-- NFC -->
12-->src\main\AndroidManifest.xml:9:5-67
12-->src\main\AndroidManifest.xml:9:22-64
13    <uses-permission android:name="android.permission.NFC" />
13-->src\main\AndroidManifest.xml:10:5-62
13-->src\main\AndroidManifest.xml:10:22-59
14
15    <uses-feature android:name="android.hardware.nfc" />
15-->src\main\AndroidManifest.xml:12:5-57
15-->src\main\AndroidManifest.xml:12:19-54
16
17    <uses-permission android:name="android.permission.WRITE_EXTERNAL_STORAGE" />
17-->src\main\AndroidManifest.xml:14:5-81
17-->src\main\AndroidManifest.xml:14:22-78
18    <uses-permission android:name="android.permission.READ_EXTERNAL_STORAGE" />
18-->src\main\AndroidManifest.xml:15:5-80
18-->src\main\AndroidManifest.xml:15:22-77
19
20    <!-- Although the *SdkVersion is captured in gradle build files, this is required for non gradle builds -->
21    <!-- <uses-sdk android:minSdkVersion="14"/> -->
22    <uses-permission android:name="android.permission.ACCESS_NETWORK_STATE" />
22-->[com.google.firebase:firebase-database:19.2.1] AndroidManifest.xml:25:5-79
22-->[com.google.firebase:firebase-database:19.2.1] AndroidManifest.xml:25:22-76
23    <uses-permission android:name="android.permission.WAKE_LOCK" /> <!-- Required by older versions of Google Play services to create IID tokens -->
23-->[com.google.android.gms:play-services-measurement-api:17.2.3] AndroidManifest.xml:24:5-68
23-->[com.google.android.gms:play-services-measurement-api:17.2.3] AndroidManifest.xml:24:22-65
24    <uses-permission android:name="com.google.android.c2dm.permission.RECEIVE" />
24-->[com.google.firebase:firebase-iid:20.1.1] AndroidManifest.xml:26:5-82
24-->[com.google.firebase:firebase-iid:20.1.1] AndroidManifest.xml:26:22-79
25    <uses-permission android:name="com.google.android.finsky.permission.BIND_GET_INSTALL_REFERRER_SERVICE" />
25-->[com.google.android.gms:play-services-measurement:17.2.3] AndroidManifest.xml:26:5-110
25-->[com.google.android.gms:play-services-measurement:17.2.3] AndroidManifest.xml:26:22-107
26
27    <application
27-->src\main\AndroidManifest.xml:17:5-53:19
28        android:allowBackup="true"
28-->src\main\AndroidManifest.xml:18:9-35
29        android:appComponentFactory="androidx.core.app.CoreComponentFactory"
29-->[androidx.core:core:1.1.0] AndroidManifest.xml:24:18-86
30        android:debuggable="true"
31        android:icon="@mipmap/ic_launcher"
31-->src\main\AndroidManifest.xml:19:9-43
32        android:label="@string/app_name"
32-->src\main\AndroidManifest.xml:20:9-41
33        android:roundIcon="@mipmap/ic_launcher_round"
33-->src\main\AndroidManifest.xml:21:9-54
34        android:supportsRtl="true"
34-->src\main\AndroidManifest.xml:22:9-35
35        android:testOnly="true"
36        android:theme="@style/AppTheme" >
36-->src\main\AndroidManifest.xml:23:9-40
37        <activity android:name="com.example.yzuapp.LoadingActivity" >
37-->src\main\AndroidManifest.xml:24:9-30:20
37-->src\main\AndroidManifest.xml:24:19-50
38            <intent-filter>
38-->src\main\AndroidManifest.xml:25:13-29:29
39                <action android:name="android.intent.action.MAIN" />
39-->src\main\AndroidManifest.xml:26:17-69
39-->src\main\AndroidManifest.xml:26:25-66
40
41                <category android:name="android.intent.category.LAUNCHER" />
41-->src\main\AndroidManifest.xml:28:17-77
41-->src\main\AndroidManifest.xml:28:27-74
42            </intent-filter>
43        </activity>
44
45        <service
45-->src\main\AndroidManifest.xml:32:9-39:19
46            android:name="com.example.yzuapp.firebase.MyFirebaseMessagingService"
46-->src\main\AndroidManifest.xml:33:13-64
47            android:enabled="true"
47-->src\main\AndroidManifest.xml:34:13-35
48            android:exported="true" >
48-->src\main\AndroidManifest.xml:35:13-36
49            <intent-filter>
49-->src\main\AndroidManifest.xml:36:13-38:29
50                <action android:name="com.google.firebase.MESSAGING_EVENT" />
50-->src\main\AndroidManifest.xml:37:17-78
50-->src\main\AndroidManifest.xml:37:25-75
51            </intent-filter>
52        </service>
53
54        <activity android:name="com.example.yzuapp.AboutActivity" />
54-->src\main\AndroidManifest.xml:41:9-51
54-->src\main\AndroidManifest.xml:41:19-48
55        <activity android:name="com.example.yzuapp.FeedbackActivity" />
55-->src\main\AndroidManifest.xml:42:9-54
55-->src\main\AndroidManifest.xml:42:19-51
56        <activity android:name="com.example.yzuapp.SettingsActivity" />
56-->src\main\AndroidManifest.xml:43:9-54
56-->src\main\AndroidManifest.xml:43:19-51
57        <activity android:name="com.example.yzuapp.NFCActivity" />
57-->src\main\AndroidManifest.xml:44:9-49
57-->src\main\AndroidManifest.xml:44:19-46
58        <activity android:name="com.example.yzuapp.HistoryActivity" />
58-->src\main\AndroidManifest.xml:45:9-53
58-->src\main\AndroidManifest.xml:45:19-50
59        <activity android:name="com.example.yzuapp.qrcode_activity" />
59-->src\main\AndroidManifest.xml:46:9-53
59-->src\main\AndroidManifest.xml:46:19-50
60        <activity android:name="com.example.yzuapp.HomeActivity" />
60-->src\main\AndroidManifest.xml:47:9-50
60-->src\main\AndroidManifest.xml:47:19-47
61        <activity android:name="com.example.yzuapp.MainActivity" />
61-->src\main\AndroidManifest.xml:48:9-50
61-->src\main\AndroidManifest.xml:48:19-47
62
63        <meta-data
63-->src\main\AndroidManifest.xml:50:9-52:57
64            android:name="preloaded_fonts"
64-->src\main\AndroidManifest.xml:51:13-43
65            android:resource="@array/preloaded_fonts" />
65-->src\main\AndroidManifest.xml:52:13-54
66        <!--
67             FirebaseMessagingService performs security checks at runtime,
68             but set to not exported to explicitly avoid allowing another app to call it.
69        -->
70        <service
70-->[com.google.firebase:firebase-messaging:20.1.2] AndroidManifest.xml:28:9-34:19
71            android:name="com.google.firebase.messaging.FirebaseMessagingService"
71-->[com.google.firebase:firebase-messaging:20.1.2] AndroidManifest.xml:29:13-82
72            android:exported="false" >
72-->[com.google.firebase:firebase-messaging:20.1.2] AndroidManifest.xml:30:13-37
73            <intent-filter android:priority="-500" >
73-->src\main\AndroidManifest.xml:36:13-38:29
74                <action android:name="com.google.firebase.MESSAGING_EVENT" />
74-->src\main\AndroidManifest.xml:37:17-78
74-->src\main\AndroidManifest.xml:37:25-75
75            </intent-filter>
76        </service>
77        <service
77-->[com.google.firebase:firebase-messaging:20.1.2] AndroidManifest.xml:35:9-41:19
78            android:name="com.google.firebase.components.ComponentDiscoveryService"
78-->[com.google.firebase:firebase-messaging:20.1.2] AndroidManifest.xml:36:13-84
79            android:directBootAware="true"
79-->[com.google.firebase:firebase-common:19.3.0] AndroidManifest.xml:34:13-43
80            android:exported="false" >
80-->[com.google.firebase:firebase-messaging:20.1.2] AndroidManifest.xml:37:13-37
81            <meta-data
81-->[com.google.firebase:firebase-messaging:20.1.2] AndroidManifest.xml:38:13-40:85
82                android:name="com.google.firebase.components:com.google.firebase.messaging.FirebaseMessagingRegistrar"
82-->[com.google.firebase:firebase-messaging:20.1.2] AndroidManifest.xml:39:17-119
83                android:value="com.google.firebase.components.ComponentRegistrar" />
83-->[com.google.firebase:firebase-messaging:20.1.2] AndroidManifest.xml:40:17-82
84            <meta-data
84-->[com.google.firebase:firebase-database:19.2.1] AndroidManifest.xml:32:13-34:85
85                android:name="com.google.firebase.components:com.google.firebase.database.DatabaseRegistrar"
85-->[com.google.firebase:firebase-database:19.2.1] AndroidManifest.xml:33:17-109
86                android:value="com.google.firebase.components.ComponentRegistrar" />
86-->[com.google.firebase:firebase-database:19.2.1] AndroidManifest.xml:34:17-82
87            <meta-data
87-->[com.google.firebase:firebase-firestore:21.4.1] AndroidManifest.xml:20:13-22:85
88                android:name="com.google.firebase.components:com.google.firebase.firestore.FirestoreRegistrar"
88-->[com.google.firebase:firebase-firestore:21.4.1] AndroidManifest.xml:21:17-111
89                android:value="com.google.firebase.components.ComponentRegistrar" />
89-->[com.google.firebase:firebase-firestore:21.4.1] AndroidManifest.xml:22:17-82
90            <meta-data
90-->[com.google.firebase:firebase-storage:19.1.1] AndroidManifest.xml:33:13-35:85
91                android:name="com.google.firebase.components:com.google.firebase.storage.StorageRegistrar"
91-->[com.google.firebase:firebase-storage:19.1.1] AndroidManifest.xml:34:17-107
92                android:value="com.google.firebase.components.ComponentRegistrar" />
92-->[com.google.firebase:firebase-storage:19.1.1] AndroidManifest.xml:35:17-82
93            <meta-data
93-->[com.google.firebase:firebase-auth:19.3.0] AndroidManifest.xml:36:13-38:85
94                android:name="com.google.firebase.components:com.google.firebase.auth.FirebaseAuthRegistrar"
94-->[com.google.firebase:firebase-auth:19.3.0] AndroidManifest.xml:37:17-109
95                android:value="com.google.firebase.components.ComponentRegistrar" />
95-->[com.google.firebase:firebase-auth:19.3.0] AndroidManifest.xml:38:17-82
96            <meta-data
96-->[com.google.firebase:firebase-datatransport:17.0.3] AndroidManifest.xml:28:13-30:85
97                android:name="com.google.firebase.components:com.google.firebase.datatransport.TransportRegistrar"
97-->[com.google.firebase:firebase-datatransport:17.0.3] AndroidManifest.xml:29:17-115
98                android:value="com.google.firebase.components.ComponentRegistrar" />
98-->[com.google.firebase:firebase-datatransport:17.0.3] AndroidManifest.xml:30:17-82
99            <meta-data
99-->[com.google.android.gms:play-services-measurement-api:17.2.3] AndroidManifest.xml:30:13-32:85
100                android:name="com.google.firebase.components:com.google.firebase.analytics.connector.internal.AnalyticsConnectorRegistrar"
100-->[com.google.android.gms:play-services-measurement-api:17.2.3] AndroidManifest.xml:31:17-139
101                android:value="com.google.firebase.components.ComponentRegistrar" />
101-->[com.google.android.gms:play-services-measurement-api:17.2.3] AndroidManifest.xml:32:17-82
102            <meta-data
102-->[com.google.firebase:firebase-iid:20.1.1] AndroidManifest.xml:32:13-34:85
103                android:name="com.google.firebase.components:com.google.firebase.iid.Registrar"
103-->[com.google.firebase:firebase-iid:20.1.1] AndroidManifest.xml:33:17-96
104                android:value="com.google.firebase.components.ComponentRegistrar" />
104-->[com.google.firebase:firebase-iid:20.1.1] AndroidManifest.xml:34:17-82
105            <meta-data
105-->[com.google.firebase:firebase-installations:16.0.0] AndroidManifest.xml:17:13-19:85
106                android:name="com.google.firebase.components:com.google.firebase.installations.FirebaseInstallationsRegistrar"
106-->[com.google.firebase:firebase-installations:16.0.0] AndroidManifest.xml:18:17-127
107                android:value="com.google.firebase.components.ComponentRegistrar" />
107-->[com.google.firebase:firebase-installations:16.0.0] AndroidManifest.xml:19:17-82
108        </service>
109
110        <activity
110-->[com.google.firebase:firebase-auth:19.3.0] AndroidManifest.xml:24:9-31:50
111            android:name="com.google.firebase.auth.internal.FederatedSignInActivity"
111-->[com.google.firebase:firebase-auth:19.3.0] AndroidManifest.xml:25:13-85
112            android:excludeFromRecents="true"
112-->[com.google.firebase:firebase-auth:19.3.0] AndroidManifest.xml:26:13-46
113            android:exported="true"
113-->[com.google.firebase:firebase-auth:19.3.0] AndroidManifest.xml:27:13-36
114            android:launchMode="singleTask"
114-->[com.google.firebase:firebase-auth:19.3.0] AndroidManifest.xml:28:13-44
115            android:permission="com.google.firebase.auth.api.gms.permission.LAUNCH_FEDERATED_SIGN_IN"
115-->[com.google.firebase:firebase-auth:19.3.0] AndroidManifest.xml:29:13-102
116            android:theme="@android:style/Theme.Translucent.NoTitleBar" />
116-->[com.google.firebase:firebase-auth:19.3.0] AndroidManifest.xml:30:13-72
117
118        <receiver
118-->[com.google.firebase:firebase-iid:20.1.1] AndroidManifest.xml:37:9-44:20
119            android:name="com.google.firebase.iid.FirebaseInstanceIdReceiver"
119-->[com.google.firebase:firebase-iid:20.1.1] AndroidManifest.xml:38:13-78
120            android:exported="true"
120-->[com.google.firebase:firebase-iid:20.1.1] AndroidManifest.xml:39:13-36
121            android:permission="com.google.android.c2dm.permission.SEND" >
121-->[com.google.firebase:firebase-iid:20.1.1] AndroidManifest.xml:40:13-73
122            <intent-filter>
122-->[com.google.firebase:firebase-iid:20.1.1] AndroidManifest.xml:41:13-43:29
123                <action android:name="com.google.android.c2dm.intent.RECEIVE" />
123-->[com.google.firebase:firebase-iid:20.1.1] AndroidManifest.xml:42:17-81
123-->[com.google.firebase:firebase-iid:20.1.1] AndroidManifest.xml:42:25-78
124            </intent-filter>
125        </receiver>
126
127        <provider
127-->[com.google.firebase:firebase-common:19.3.0] AndroidManifest.xml:26:9-30:39
128            android:name="com.google.firebase.provider.FirebaseInitProvider"
128-->[com.google.firebase:firebase-common:19.3.0] AndroidManifest.xml:27:13-77
129            android:authorities="com.example.yzuapp.firebaseinitprovider"
129-->[com.google.firebase:firebase-common:19.3.0] AndroidManifest.xml:28:13-72
130            android:exported="false"
130-->[com.google.firebase:firebase-common:19.3.0] AndroidManifest.xml:29:13-37
131            android:initOrder="100" />
131-->[com.google.firebase:firebase-common:19.3.0] AndroidManifest.xml:30:13-36
132
133        <activity
133-->[com.google.android.gms:play-services-base:17.1.0] AndroidManifest.xml:23:9-26:75
134            android:name="com.google.android.gms.common.api.GoogleApiActivity"
134-->[com.google.android.gms:play-services-base:17.1.0] AndroidManifest.xml:24:13-79
135            android:exported="false"
135-->[com.google.android.gms:play-services-base:17.1.0] AndroidManifest.xml:25:13-37
136            android:theme="@android:style/Theme.Translucent.NoTitleBar" />
136-->[com.google.android.gms:play-services-base:17.1.0] AndroidManifest.xml:26:13-72
137
138        <receiver
138-->[com.google.android.gms:play-services-measurement:17.2.3] AndroidManifest.xml:29:9-33:20
139            android:name="com.google.android.gms.measurement.AppMeasurementReceiver"
139-->[com.google.android.gms:play-services-measurement:17.2.3] AndroidManifest.xml:30:13-85
140            android:enabled="true"
140-->[com.google.android.gms:play-services-measurement:17.2.3] AndroidManifest.xml:31:13-35
141            android:exported="false" >
141-->[com.google.android.gms:play-services-measurement:17.2.3] AndroidManifest.xml:32:13-37
142        </receiver>
143        <receiver
143-->[com.google.android.gms:play-services-measurement:17.2.3] AndroidManifest.xml:34:9-42:20
144            android:name="com.google.android.gms.measurement.AppMeasurementInstallReferrerReceiver"
144-->[com.google.android.gms:play-services-measurement:17.2.3] AndroidManifest.xml:35:13-100
145            android:enabled="true"
145-->[com.google.android.gms:play-services-measurement:17.2.3] AndroidManifest.xml:36:13-35
146            android:exported="true"
146-->[com.google.android.gms:play-services-measurement:17.2.3] AndroidManifest.xml:37:13-36
147            android:permission="android.permission.INSTALL_PACKAGES" >
147-->[com.google.android.gms:play-services-measurement:17.2.3] AndroidManifest.xml:38:13-69
148            <intent-filter>
148-->[com.google.android.gms:play-services-measurement:17.2.3] AndroidManifest.xml:39:13-41:29
149                <action android:name="com.android.vending.INSTALL_REFERRER" />
149-->[com.google.android.gms:play-services-measurement:17.2.3] AndroidManifest.xml:40:17-79
149-->[com.google.android.gms:play-services-measurement:17.2.3] AndroidManifest.xml:40:25-76
150            </intent-filter>
151        </receiver>
152
153        <service
153-->[com.google.android.gms:play-services-measurement:17.2.3] AndroidManifest.xml:44:9-47:40
154            android:name="com.google.android.gms.measurement.AppMeasurementService"
154-->[com.google.android.gms:play-services-measurement:17.2.3] AndroidManifest.xml:45:13-84
155            android:enabled="true"
155-->[com.google.android.gms:play-services-measurement:17.2.3] AndroidManifest.xml:46:13-35
156            android:exported="false" />
156-->[com.google.android.gms:play-services-measurement:17.2.3] AndroidManifest.xml:47:13-37
157        <service
157-->[com.google.android.gms:play-services-measurement:17.2.3] AndroidManifest.xml:48:9-52:72
158            android:name="com.google.android.gms.measurement.AppMeasurementJobService"
158-->[com.google.android.gms:play-services-measurement:17.2.3] AndroidManifest.xml:49:13-87
159            android:enabled="true"
159-->[com.google.android.gms:play-services-measurement:17.2.3] AndroidManifest.xml:50:13-35
160            android:exported="false"
160-->[com.google.android.gms:play-services-measurement:17.2.3] AndroidManifest.xml:51:13-37
161            android:permission="android.permission.BIND_JOB_SERVICE" />
161-->[com.google.android.gms:play-services-measurement:17.2.3] AndroidManifest.xml:52:13-69
162
163        <meta-data
163-->[com.google.android.gms:play-services-basement:17.0.0] AndroidManifest.xml:23:9-25:69
164            android:name="com.google.android.gms.version"
164-->[com.google.android.gms:play-services-basement:17.0.0] AndroidManifest.xml:24:13-58
165            android:value="@integer/google_play_services_version" />
165-->[com.google.android.gms:play-services-basement:17.0.0] AndroidManifest.xml:25:13-66
166
167        <service
167-->[com.google.android.datatransport:transport-backend-cct:2.2.0] AndroidManifest.xml:29:9-35:19
168            android:name="com.google.android.datatransport.runtime.backends.TransportBackendDiscovery"
168-->[com.google.android.datatransport:transport-backend-cct:2.2.0] AndroidManifest.xml:30:13-103
169            android:exported="false" >
169-->[com.google.android.datatransport:transport-backend-cct:2.2.0] AndroidManifest.xml:31:13-37
170            <meta-data
170-->[com.google.android.datatransport:transport-backend-cct:2.2.0] AndroidManifest.xml:32:13-34:39
171                android:name="backend:com.google.android.datatransport.cct.CctBackendFactory"
171-->[com.google.android.datatransport:transport-backend-cct:2.2.0] AndroidManifest.xml:33:17-94
172                android:value="cct" />
172-->[com.google.android.datatransport:transport-backend-cct:2.2.0] AndroidManifest.xml:34:17-36
173        </service>
174        <service
174-->[com.google.android.datatransport:transport-runtime:2.2.0] AndroidManifest.xml:26:9-30:19
175            android:name="com.google.android.datatransport.runtime.scheduling.jobscheduling.JobInfoSchedulerService"
175-->[com.google.android.datatransport:transport-runtime:2.2.0] AndroidManifest.xml:27:13-117
176            android:exported="false"
176-->[com.google.android.datatransport:transport-runtime:2.2.0] AndroidManifest.xml:28:13-37
177            android:permission="android.permission.BIND_JOB_SERVICE" >
177-->[com.google.android.datatransport:transport-runtime:2.2.0] AndroidManifest.xml:29:13-69
178        </service>
179
180        <receiver
180-->[com.google.android.datatransport:transport-runtime:2.2.0] AndroidManifest.xml:32:9-34:40
181            android:name="com.google.android.datatransport.runtime.scheduling.jobscheduling.AlarmManagerSchedulerBroadcastReceiver"
181-->[com.google.android.datatransport:transport-runtime:2.2.0] AndroidManifest.xml:33:13-132
182            android:exported="false" />
182-->[com.google.android.datatransport:transport-runtime:2.2.0] AndroidManifest.xml:34:13-37
183    </application>
184
185</manifest>